Base path: 'C:/Program Files/Unity/Hub/Editor/2019.4.18f1/Editor/Data', plugins path 'C:/Program Files/Unity/Hub/Editor/2019.4.18f1/Editor/Data/PlaybackEngines'
Cmd: initializeCompiler
Cmd: compileComputeKernel
  api=4 insize=16425 outsize=8281 ok=1
Cmd: compileComputeKernel
  api=4 insize=4415 outsize=2864 ok=1
Cmd: compileComputeKernel
  api=4 insize=17133 outsize=7574 ok=1
Cmd: compileComputeKernel
  api=4 insize=3414 outsize=2439 ok=1
Cmd: compileComputeKernel
  api=4 insize=14460 outsize=2098 ok=1
Cmd: compileComputeKernel
  api=4 insize=8345 outsize=7166 ok=1
Cmd: compileComputeKernel
  api=4 insize=4358 outsize=713 ok=1
Cmd: compileComputeKernel
  api=4 insize=2569 outsize=1049 ok=1
Cmd: compileComputeKernel
  api=4 insize=20794 outsize=5295 ok=1
Cmd: compileComputeKernel
  api=4 insize=5487 outsize=317 ok=1
Cmd: compileComputeKernel
  api=4 insize=14415 outsize=8679 ok=1
Cmd: compileComputeKernel
  api=4 insize=6349 outsize=6014 ok=1
Cmd: compileComputeKernel
  api=4 insize=26415 outsize=14979 ok=1
Cmd: compileComputeKernel
  error: 1 plat 4 at Deferred.compute(35): 'multi_compile' : unknown pragma ignored
  error: 1 plat 4 at Deferred.compute(36): 'multi_compile' : unknown pragma ignored
  error: 1 plat 4 at Deferred.compute(38): 'multi_compile' : unknown pragma ignored
  error: 2 plat 4 at Packages/com.unity.render-pipelines.high-definition/Runtime/Lighting/Shadow/HDShadowAlgorithms.hlsl(27): "Undefined punctual shadow filter algorithm"
  api=4 insize=10818 outsize=0 ok=0
Cmd: compileComputeKernel
  error: 1 plat 4 at Deferred.compute(35): 'multi_compile' : unknown pragma ignored
  error: 1 plat 4 at Deferred.compute(36): 'multi_compile' : unknown pragma ignored
  error: 1 plat 4 at Deferred.compute(38): 'multi_compile' : unknown pragma ignored
  error: 2 plat 4 at Packages/com.unity.render-pipelines.high-definition/Runtime/Lighting/Shadow/HDShadowAlgorithms.hlsl(27): "Undefined punctual shadow filter algorithm"
  api=4 insize=10818 outsize=0 ok=0
Cmd: compileComputeKernel
  error: 1 plat 4 at Deferred.compute(35): 'multi_compile' : unknown pragma ignored
  error: 1 plat 4 at Deferred.compute(36): 'multi_compile' : unknown pragma ignored
  error: 1 plat 4 at Deferred.compute(38): 'multi_compile' : unknown pragma ignored
  error: 2 plat 4 at Packages/com.unity.render-pipelines.high-definition/Runtime/Lighting/Shadow/HDShadowAlgorithms.hlsl(27): "Undefined punctual shadow filter algorithm"
  api=4 insize=10818 outsize=0 ok=0
Cmd: compileComputeKernel
  api=4 insize=5744 outsize=5009 ok=1
Cmd: compileComputeKernel
  api=4 insize=33306 outsize=426 ok=1
