Base path: 'C:/Program Files/Unity/Hub/Editor/2019.4.18f1/Editor/Data', plugins path 'C:/Program Files/Unity/Hub/Editor/2019.4.18f1/Editor/Data/PlaybackEngines'
Cmd: initializeCompiler
Cmd: compileComputeKernel
  api=4 insize=16425 outsize=9933 ok=1
Cmd: compileComputeKernel
  api=4 insize=17133 outsize=8648 ok=1
Cmd: compileComputeKernel
  api=4 insize=3414 outsize=2434 ok=1
Cmd: compileComputeKernel
  api=4 insize=14460 outsize=2516 ok=1
Cmd: compileComputeKernel
  api=4 insize=865 outsize=578 ok=1
Cmd: compileComputeKernel
  api=4 insize=4358 outsize=713 ok=1
Cmd: compileComputeKernel
  api=4 insize=11001 outsize=2846 ok=1
Cmd: compileComputeKernel
  api=4 insize=20794 outsize=2278 ok=1
Cmd: compileComputeKernel
  api=4 insize=5487 outsize=2767 ok=1
Cmd: compileComputeKernel
  error: 1 plat 4 at DepthOfFieldGather.compute(10): 'multi_compile' : unknown pragma ignored
  error: 1 plat 4 at DepthOfFieldGather.compute(11): 'multi_compile' : unknown pragma ignored
  api=4 insize=5443 outsize=2179 ok=1
Cmd: compileComputeKernel
  api=4 insize=6349 outsize=6725 ok=1
Cmd: compileComputeKernel
  api=4 insize=26415 outsize=14757 ok=1
Cmd: compileComputeKernel
  error: 1 plat 4 at Deferred.compute(35): 'multi_compile' : unknown pragma ignored
  error: 1 plat 4 at Deferred.compute(36): 'multi_compile' : unknown pragma ignored
  error: 1 plat 4 at Deferred.compute(38): 'multi_compile' : unknown pragma ignored
  error: 2 plat 4 at Packages/com.unity.render-pipelines.high-definition/Runtime/Lighting/Shadow/HDShadowAlgorithms.hlsl(27): "Undefined punctual shadow filter algorithm"
  api=4 insize=10818 outsize=0 ok=0
Cmd: compileComputeKernel
  error: 1 plat 4 at Deferred.compute(35): 'multi_compile' : unknown pragma ignored
  error: 1 plat 4 at Deferred.compute(36): 'multi_compile' : unknown pragma ignored
  error: 1 plat 4 at Deferred.compute(38): 'multi_compile' : unknown pragma ignored
  error: 2 plat 4 at Packages/com.unity.render-pipelines.high-definition/Runtime/Lighting/Shadow/HDShadowAlgorithms.hlsl(27): "Undefined punctual shadow filter algorithm"
  api=4 insize=10818 outsize=0 ok=0
Cmd: compileComputeKernel
  error: 1 plat 4 at Deferred.compute(35): 'multi_compile' : unknown pragma ignored
  error: 1 plat 4 at Deferred.compute(36): 'multi_compile' : unknown pragma ignored
  error: 1 plat 4 at Deferred.compute(38): 'multi_compile' : unknown pragma ignored
  error: 2 plat 4 at Packages/com.unity.render-pipelines.high-definition/Runtime/Lighting/Shadow/HDShadowAlgorithms.hlsl(27): "Undefined punctual shadow filter algorithm"
  api=4 insize=10818 outsize=0 ok=0
Cmd: compileComputeKernel
  api=4 insize=3626 outsize=3162 ok=1
Cmd: compileComputeKernel
  api=4 insize=33306 outsize=6078 ok=1
Cmd: compileComputeKernel
  api=4 insize=1957 outsize=559 ok=1
Cmd: compileComputeKernel
  error: 1 plat 4 at ColorPyramid.compute(27): 'multi_compile' : unknown pragma ignored
  error: 1 plat 4 at ColorPyramid.compute(28): 'multi_compile' : unknown pragma ignored
  api=4 insize=6871 outsize=1117 ok=1
Cmd: compileComputeKernel
  api=4 insize=10327 outsize=7807 ok=1
