Base path: 'C:/Program Files/Unity/Hub/Editor/2019.4.18f1/Editor/Data', plugins path 'C:/Program Files/Unity/Hub/Editor/2019.4.18f1/Editor/Data/PlaybackEngines'
Cmd: initializeCompiler
Cmd: compileComputeKernel
  error: 1 plat 4 at ScreenSpaceReflections.compute(12): 'multi_compile' : unknown pragma ignored
  error: 1 plat 4 at ScreenSpaceReflections.compute(13): 'multi_compile' : unknown pragma ignored
  api=4 insize=29487 outsize=1903 ok=1
Cmd: compileComputeKernel
  api=4 insize=1326 outsize=678 ok=1
Cmd: compileComputeKernel
  api=4 insize=13302 outsize=4794 ok=1
Cmd: compileComputeKernel
  api=4 insize=4358 outsize=1184 ok=1
Cmd: compileComputeKernel
  api=4 insize=11001 outsize=3355 ok=1
Cmd: compileComputeKernel
  api=4 insize=20794 outsize=8288 ok=1
Cmd: compileComputeKernel
  api=4 insize=5487 outsize=5901 ok=1
Cmd: compileComputeKernel
  api=4 insize=8369 outsize=2100 ok=1
Cmd: compileComputeKernel
  api=4 insize=6349 outsize=6053 ok=1
Cmd: compileComputeKernel
  api=4 insize=26415 outsize=15259 ok=1
Cmd: compileComputeKernel
  error: 1 plat 4 at Deferred.compute(35): 'multi_compile' : unknown pragma ignored
  error: 1 plat 4 at Deferred.compute(36): 'multi_compile' : unknown pragma ignored
  error: 1 plat 4 at Deferred.compute(38): 'multi_compile' : unknown pragma ignored
  error: 2 plat 4 at Packages/com.unity.render-pipelines.high-definition/Runtime/Lighting/Shadow/HDShadowAlgorithms.hlsl(27): "Undefined punctual shadow filter algorithm"
  api=4 insize=10818 outsize=0 ok=0
Cmd: compileComputeKernel
  error: 1 plat 4 at Deferred.compute(35): 'multi_compile' : unknown pragma ignored
  error: 1 plat 4 at Deferred.compute(36): 'multi_compile' : unknown pragma ignored
  error: 1 plat 4 at Deferred.compute(38): 'multi_compile' : unknown pragma ignored
  error: 2 plat 4 at Packages/com.unity.render-pipelines.high-definition/Runtime/Lighting/Shadow/HDShadowAlgorithms.hlsl(27): "Undefined punctual shadow filter algorithm"
  api=4 insize=10818 outsize=0 ok=0
Cmd: compileComputeKernel
  api=4 insize=9527 outsize=5897 ok=1
Cmd: compileComputeKernel
  api=4 insize=4765 outsize=1642 ok=1
Cmd: compileComputeKernel
  api=4 insize=10327 outsize=3203 ok=1

Quitting shader compiler process
